Running: /CMC/tools/xilinx/13.4/ISE_DS/ISE/bin/lin64/unwrapped/fuse -intstyle ise -incremental -o /home/student2/slogozzo/COE758/Project1/COE758-Project1/tag_compare_unit_test_isim_beh.exe -prj /home/student2/slogozzo/COE758/Project1/COE758-Project1/tag_compare_unit_test_beh.prj work.tag_compare_unit_test 
ISim O.87xd (signature 0x8ddf5b5d)
Number of CPUs detected in this system: 8
Turning on mult-threading, number of parallel sub-compilation jobs: 16 
Determining compilation order of HDL files
Parsing VHDL file "/home/student2/slogozzo/COE758/Project1/COE758-Project1/TagCompareDirectMapping.vhd" into library work
Parsing VHDL file "/home/student2/slogozzo/COE758/Project1/COE758-Project1/tag_compare_unit_test.vhd" into library work
Starting static elaboration
Completed static elaboration
Fuse Memory Usage: 123244 KB
Fuse CPU Usage: 870 ms
Compiling package standard
Compiling package std_logic_1164
Compiling package numeric_std
Compiling package std_logic_arith
Compiling package std_logic_unsigned
Compiling architecture behavioral of entity TagCompareDirectMapping [tagcomparedirectmapping_default]
Compiling architecture behavior of entity tag_compare_unit_test
Time Resolution for simulation is 1ps.
Waiting for 1 sub-compilation(s) to finish...
Compiled 8 VHDL Units
Built simulation executable /home/student2/slogozzo/COE758/Project1/COE758-Project1/tag_compare_unit_test_isim_beh.exe
Fuse Memory Usage: 1223360 KB
Fuse CPU Usage: 1070 ms
GCC CPU Usage: 310 ms
