INFO:sim:172 - Generating IP...
Applying current project options...
Finished applying current project options.
Customizing IP...
Release 13.4 - Xilinx CORE Generator IP GUI Launcher O.87xd (lin64)
Copyright (c) 1995-2011 Xilinx, Inc.  All rights reserved.
Finished Customizing.
Generating IP...
WARNING:sim:89 - A core named <icon> already exists in the output directory.
   Output products for this core may be overwritten.
Gathering HDL files for icon root...
Creating XST project for icon...
Creating XST script file for icon...
Creating XST instantiation file for icon...
Running XST for icon...
XST: HDL Compilation
XST: Design Hierarchy Analysis
XST: HDL Analysis
XST: HDL Synthesis
XST: Advanced HDL Synthesis
XST: Low Level Synthesis
Generating VHDL wrapper
Not generating Verilog wrapper
Creating ISE instantiation template for icon...
Skipping Verilog instantiation template for icon...
Finished Generation.
Generating IP instantiation template...
Generating ASY schematic symbol...
INFO:sim:949 - Finished generation of ASY schematic symbol.
Generating SYM schematic symbol for 'icon'...
Generating metadata file...
Generating ISE project...
XCO file found: icon.xco
XMDF file found: icon_xmdf.tcl
Adding
/home/student2/slogozzo/COE758/Project1/COE758-Project1/ipcore_dir/tmp/_cg/icon.
asy -view all -origin_type imported
Adding
/home/student2/slogozzo/COE758/Project1/COE758-Project1/ipcore_dir/tmp/_cg/icon.
ngc -view all -origin_type created
Checking file
"/home/student2/slogozzo/COE758/Project1/COE758-Project1/ipcore_dir/tmp/_cg/icon
.ngc" for project device match ...
File
"/home/student2/slogozzo/COE758/Project1/COE758-Project1/ipcore_dir/tmp/_cg/icon
.ngc" device information matches project device.
Adding
/home/student2/slogozzo/COE758/Project1/COE758-Project1/ipcore_dir/tmp/_cg/icon.
sym -view all -origin_type imported
Adding
/home/student2/slogozzo/COE758/Project1/COE758-Project1/ipcore_dir/tmp/_cg/icon.
vhd -view all -origin_type created
INFO:HDLCompiler:1061 - Parsing VHDL file
   "/home/student2/slogozzo/COE758/Project1/COE758-Project1/ipcore_dir/tmp/_cg/i
   con.vhd" into library work
INFO:ProjectMgmt - Parsing design hierarchy completed successfully.
Adding
/home/student2/slogozzo/COE758/Project1/COE758-Project1/ipcore_dir/tmp/_cg/icon.
vho -view all -origin_type imported
INFO:TclTasksC:2116 - The automatic calculation of top has been turned-off.
   Please set the new top explicitly by running the "project set top" command.
   To re-calculate the new top automatically, set the "Auto Implementation Top"
   property to true.
Top level has been set to "/icon"
Generating README file...
Generating FLIST file...
INFO:sim:948 - Finished FLIST file generation.
Launching README viewer...
Moving files to output directory...
Finished moving files to output directory
Wrote CGP file for project 'icon'.
